[debug] [2021-10-26T07:38:13.609Z] ----------------------------------------------------------------------
[debug] [2021-10-26T07:38:13.612Z] Command:       D:\Node\node.exe C:\Users\Kristinann\AppData\Roaming\npm\node_modules\firebase-tools\lib\bin\firebase.js emulators:start --only hosting
[debug] [2021-10-26T07:38:13.613Z] CLI Version:   9.21.0
[debug] [2021-10-26T07:38:13.613Z] Platform:      win32
[debug] [2021-10-26T07:38:13.613Z] Node Version:  v17.0.1
[debug] [2021-10-26T07:38:13.615Z] Time:          Tue Oct 26 2021 00:38:13 GMT-0700 (Pacific Daylight Time)
[debug] [2021-10-26T07:38:13.615Z] ----------------------------------------------------------------------
[debug] 
[debug] [2021-10-26T07:38:13.708Z] > command requires scopes: ["email","openid","https://www.googleapis.com/auth/cloudplatformprojects.readonly","https://www.googleapis.com/auth/firebase","https://www.googleapis.com/auth/cloud-platform"]
[debug] [2021-10-26T07:38:13.709Z] > authorizing via signed-in user (osbornkristinann@gmail.com)
[info] i  emulators: Starting emulators: hosting {"metadata":{"emulator":{"name":"hub"},"message":"Starting emulators: hosting"}}
[debug] [2021-10-26T07:38:13.749Z] [hub] writing locator at C:\Users\Kristinann\AppData\Local\Temp\hub-plex-inventory-sytem.json
[debug] [2021-10-26T07:38:13.981Z] > refreshing access token with scopes: []
[debug] [2021-10-26T07:38:13.982Z] >>> HTTP REQUEST POST https://www.googleapis.com/oauth2/v3/token  
 <request body omitted>
[debug] [2021-10-26T07:38:14.175Z] <<< HTTP RESPONSE 200 {"cache-control":"no-cache, no-store, max-age=0, must-revalidate","pragma":"no-cache","date":"Tue, 26 Oct 2021 07:38:14 GMT","expires":"Mon, 01 Jan 1990 00:00:00 GMT","content-type":"application/json; charset=utf-8","vary":"X-Origin, Referer, Origin,Accept-Encoding","server":"scaffolding on HTTPServer2","x-xss-protection":"0","x-frame-options":"SAMEORIGIN","x-content-type-options":"nosniff","alt-svc":"h3=\":443\"; ma=2592000,h3-29=\":443\"; ma=2592000,h3-Q050=\":443\"; ma=2592000,h3-Q046=\":443\"; ma=2592000,h3-Q043=\":443\"; ma=2592000","accept-ranges":"none","transfer-encoding":"chunked"}
[debug] [2021-10-26T07:38:14.197Z] >>> [apiv2][query] GET https://firebasehosting.googleapis.com/v1beta1/projects/plex-inventory-sytem/sites 
[debug] [2021-10-26T07:38:14.737Z] <<< [apiv2][status] GET https://firebasehosting.googleapis.com/v1beta1/projects/plex-inventory-sytem/sites 200
[debug] [2021-10-26T07:38:14.737Z] <<< [apiv2][body] GET https://firebasehosting.googleapis.com/v1beta1/projects/plex-inventory-sytem/sites {"sites":[{"name":"projects/858484179975/sites/plex-inventory-sytem","defaultUrl":"https://plex-inventory-sytem.web.app","type":"DEFAULT_SITE"}]}
[debug] [2021-10-26T07:38:14.738Z] >>> [apiv2][query] GET https://firebase.googleapis.com/v1beta1/projects/plex-inventory-sytem/webApps/-/config [none]
[debug] [2021-10-26T07:38:15.202Z] <<< [apiv2][status] GET https://firebase.googleapis.com/v1beta1/projects/plex-inventory-sytem/webApps/-/config 200
[debug] [2021-10-26T07:38:15.203Z] <<< [apiv2][body] GET https://firebase.googleapis.com/v1beta1/projects/plex-inventory-sytem/webApps/-/config {"projectId":"plex-inventory-sytem","appId":"1:858484179975:web:df507d461da15a4baf56a2","storageBucket":"plex-inventory-sytem.appspot.com","locationId":"us-central","apiKey":"AIzaSyBuEr3fsBnIi0TtGkQKNghven49vzcV6CY","authDomain":"plex-inventory-sytem.firebaseapp.com","messagingSenderId":"858484179975"}
[info] i  hosting: Serving hosting files from: /public {"metadata":{"emulator":{"name":"hosting"},"message":"Serving hosting files from: \u001b[1m/public\u001b[22m"}}
[info] +  hosting: Local server: http://localhost:5000 {"metadata":{"emulator":{"name":"hosting"},"message":"Local server: \u001b[4m\u001b[1mhttp://localhost:5000\u001b[22m\u001b[24m"}}
[warn] !  emulators: The Emulator UI requires a project ID to start. Configure your default project with 'firebase use' or pass the --project flag. {"metadata":{"emulator":{"name":"hub"},"message":"The Emulator UI requires a project ID to start. Configure your default project with 'firebase use' or pass the --project flag."}}
[info] 
┌─────────────────────────────────────────────────────────────┐
│ ✔  All emulators ready! It is now safe to connect your app. │
└─────────────────────────────────────────────────────────────┘

┌──────────┬────────────────┐
│ Emulator │ Host:Port      │
├──────────┼────────────────┤
│ Hosting  │ localhost:5000 │
└──────────┴────────────────┘
  Emulator Hub running at localhost:4400
  Other reserved ports: None

Issues? Report them at https://github.com/firebase/firebase-tools/issues and attach the *-debug.log files.
 
[info] i  hosting: ::1 - - [26/Oct/2021:07:38:21 +0000] "GET /dashboard.html HTTP/1.1" 200 4933 "http://localhost:5000/" "Mozilla/5.0 (Windows NT 10.0; Win64; x64) AppleWebKit/537.36 (KHTML, like Gecko) Chrome/95.0.4638.54 Safari/537.36" {"metadata":{"emulator":{"name":"hosting"},"message":"::1 - - [26/Oct/2021:07:38:21 +0000] \"GET /dashboard.html HTTP/1.1\" 200 4933 \"http://localhost:5000/\" \"Mozilla/5.0 (Windows NT 10.0; Win64; x64) AppleWebKit/537.36 (KHTML, like Gecko) Chrome/95.0.4638.54 Safari/537.36\""}}
[info] i  hosting: ::1 - - [26/Oct/2021:07:38:22 +0000] "GET /js/admin.js HTTP/1.1" 200 1130 "http://localhost:5000/dashboard.html" "Mozilla/5.0 (Windows NT 10.0; Win64; x64) AppleWebKit/537.36 (KHTML, like Gecko) Chrome/95.0.4638.54 Safari/537.36" {"metadata":{"emulator":{"name":"hosting"},"message":"::1 - - [26/Oct/2021:07:38:22 +0000] \"GET /js/admin.js HTTP/1.1\" 200 1130 \"http://localhost:5000/dashboard.html\" \"Mozilla/5.0 (Windows NT 10.0; Win64; x64) AppleWebKit/537.36 (KHTML, like Gecko) Chrome/95.0.4638.54 Safari/537.36\""}}
[info] i  hosting: ::1 - - [26/Oct/2021:07:38:59 +0000] "GET /dashboard.html HTTP/1.1" 200 4933 "http://localhost:5000/" "Mozilla/5.0 (Windows NT 10.0; Win64; x64) AppleWebKit/537.36 (KHTML, like Gecko) Chrome/95.0.4638.54 Safari/537.36" {"metadata":{"emulator":{"name":"hosting"},"message":"::1 - - [26/Oct/2021:07:38:59 +0000] \"GET /dashboard.html HTTP/1.1\" 200 4933 \"http://localhost:5000/\" \"Mozilla/5.0 (Windows NT 10.0; Win64; x64) AppleWebKit/537.36 (KHTML, like Gecko) Chrome/95.0.4638.54 Safari/537.36\""}}
[info] i  hosting: ::1 - - [26/Oct/2021:07:38:59 +0000] "GET /js/admin.js HTTP/1.1" 200 1207 "http://localhost:5000/dashboard.html" "Mozilla/5.0 (Windows NT 10.0; Win64; x64) AppleWebKit/537.36 (KHTML, like Gecko) Chrome/95.0.4638.54 Safari/537.36" {"metadata":{"emulator":{"name":"hosting"},"message":"::1 - - [26/Oct/2021:07:38:59 +0000] \"GET /js/admin.js HTTP/1.1\" 200 1207 \"http://localhost:5000/dashboard.html\" \"Mozilla/5.0 (Windows NT 10.0; Win64; x64) AppleWebKit/537.36 (KHTML, like Gecko) Chrome/95.0.4638.54 Safari/537.36\""}}
[info] i  hosting: ::1 - - [26/Oct/2021:07:40:26 +0000] "GET /dashboard.html HTTP/1.1" 200 4933 "http://localhost:5000/" "Mozilla/5.0 (Windows NT 10.0; Win64; x64) AppleWebKit/537.36 (KHTML, like Gecko) Chrome/95.0.4638.54 Safari/537.36" {"metadata":{"emulator":{"name":"hosting"},"message":"::1 - - [26/Oct/2021:07:40:26 +0000] \"GET /dashboard.html HTTP/1.1\" 200 4933 \"http://localhost:5000/\" \"Mozilla/5.0 (Windows NT 10.0; Win64; x64) AppleWebKit/537.36 (KHTML, like Gecko) Chrome/95.0.4638.54 Safari/537.36\""}}
[info] i  hosting: ::1 - - [26/Oct/2021:07:40:26 +0000] "GET /js/admin.js HTTP/1.1" 200 1450 "http://localhost:5000/dashboard.html" "Mozilla/5.0 (Windows NT 10.0; Win64; x64) AppleWebKit/537.36 (KHTML, like Gecko) Chrome/95.0.4638.54 Safari/537.36" {"metadata":{"emulator":{"name":"hosting"},"message":"::1 - - [26/Oct/2021:07:40:26 +0000] \"GET /js/admin.js HTTP/1.1\" 200 1450 \"http://localhost:5000/dashboard.html\" \"Mozilla/5.0 (Windows NT 10.0; Win64; x64) AppleWebKit/537.36 (KHTML, like Gecko) Chrome/95.0.4638.54 Safari/537.36\""}}
[info] i  hosting: ::1 - - [26/Oct/2021:07:40:54 +0000] "GET /dashboard.html HTTP/1.1" 200 4933 "http://localhost:5000/" "Mozilla/5.0 (Windows NT 10.0; Win64; x64) AppleWebKit/537.36 (KHTML, like Gecko) Chrome/95.0.4638.54 Safari/537.36" {"metadata":{"emulator":{"name":"hosting"},"message":"::1 - - [26/Oct/2021:07:40:54 +0000] \"GET /dashboard.html HTTP/1.1\" 200 4933 \"http://localhost:5000/\" \"Mozilla/5.0 (Windows NT 10.0; Win64; x64) AppleWebKit/537.36 (KHTML, like Gecko) Chrome/95.0.4638.54 Safari/537.36\""}}
[info] i  hosting: ::1 - - [26/Oct/2021:07:40:54 +0000] "GET /js/admin.js HTTP/1.1" 200 1484 "http://localhost:5000/dashboard.html" "Mozilla/5.0 (Windows NT 10.0; Win64; x64) AppleWebKit/537.36 (KHTML, like Gecko) Chrome/95.0.4638.54 Safari/537.36" {"metadata":{"emulator":{"name":"hosting"},"message":"::1 - - [26/Oct/2021:07:40:54 +0000] \"GET /js/admin.js HTTP/1.1\" 200 1484 \"http://localhost:5000/dashboard.html\" \"Mozilla/5.0 (Windows NT 10.0; Win64; x64) AppleWebKit/537.36 (KHTML, like Gecko) Chrome/95.0.4638.54 Safari/537.36\""}}
[info] i  hosting: ::1 - - [26/Oct/2021:07:42:41 +0000] "GET /dashboard.html HTTP/1.1" 200 4933 "http://localhost:5000/" "Mozilla/5.0 (Windows NT 10.0; Win64; x64) AppleWebKit/537.36 (KHTML, like Gecko) Chrome/95.0.4638.54 Safari/537.36" {"metadata":{"emulator":{"name":"hosting"},"message":"::1 - - [26/Oct/2021:07:42:41 +0000] \"GET /dashboard.html HTTP/1.1\" 200 4933 \"http://localhost:5000/\" \"Mozilla/5.0 (Windows NT 10.0; Win64; x64) AppleWebKit/537.36 (KHTML, like Gecko) Chrome/95.0.4638.54 Safari/537.36\""}}
[info] i  hosting: ::1 - - [26/Oct/2021:07:42:42 +0000] "GET /js/admin.js HTTP/1.1" 200 1551 "http://localhost:5000/dashboard.html" "Mozilla/5.0 (Windows NT 10.0; Win64; x64) AppleWebKit/537.36 (KHTML, like Gecko) Chrome/95.0.4638.54 Safari/537.36" {"metadata":{"emulator":{"name":"hosting"},"message":"::1 - - [26/Oct/2021:07:42:42 +0000] \"GET /js/admin.js HTTP/1.1\" 200 1551 \"http://localhost:5000/dashboard.html\" \"Mozilla/5.0 (Windows NT 10.0; Win64; x64) AppleWebKit/537.36 (KHTML, like Gecko) Chrome/95.0.4638.54 Safari/537.36\""}}
[info] i  hosting: ::1 - - [26/Oct/2021:07:43:26 +0000] "GET /dashboard.html HTTP/1.1" 200 4933 "http://localhost:5000/" "Mozilla/5.0 (Windows NT 10.0; Win64; x64) AppleWebKit/537.36 (KHTML, like Gecko) Chrome/95.0.4638.54 Safari/537.36" {"metadata":{"emulator":{"name":"hosting"},"message":"::1 - - [26/Oct/2021:07:43:26 +0000] \"GET /dashboard.html HTTP/1.1\" 200 4933 \"http://localhost:5000/\" \"Mozilla/5.0 (Windows NT 10.0; Win64; x64) AppleWebKit/537.36 (KHTML, like Gecko) Chrome/95.0.4638.54 Safari/537.36\""}}
[info] i  hosting: ::1 - - [26/Oct/2021:07:43:27 +0000] "GET /js/admin.js HTTP/1.1" 200 1578 "http://localhost:5000/dashboard.html" "Mozilla/5.0 (Windows NT 10.0; Win64; x64) AppleWebKit/537.36 (KHTML, like Gecko) Chrome/95.0.4638.54 Safari/537.36" {"metadata":{"emulator":{"name":"hosting"},"message":"::1 - - [26/Oct/2021:07:43:27 +0000] \"GET /js/admin.js HTTP/1.1\" 200 1578 \"http://localhost:5000/dashboard.html\" \"Mozilla/5.0 (Windows NT 10.0; Win64; x64) AppleWebKit/537.36 (KHTML, like Gecko) Chrome/95.0.4638.54 Safari/537.36\""}}
[info] i  hosting: ::1 - - [26/Oct/2021:07:43:58 +0000] "GET /dashboard.html HTTP/1.1" 200 4933 "http://localhost:5000/" "Mozilla/5.0 (Windows NT 10.0; Win64; x64) AppleWebKit/537.36 (KHTML, like Gecko) Chrome/95.0.4638.54 Safari/537.36" {"metadata":{"emulator":{"name":"hosting"},"message":"::1 - - [26/Oct/2021:07:43:58 +0000] \"GET /dashboard.html HTTP/1.1\" 200 4933 \"http://localhost:5000/\" \"Mozilla/5.0 (Windows NT 10.0; Win64; x64) AppleWebKit/537.36 (KHTML, like Gecko) Chrome/95.0.4638.54 Safari/537.36\""}}
[info] i  hosting: ::1 - - [26/Oct/2021:07:43:58 +0000] "GET /js/admin.js HTTP/1.1" 200 1548 "http://localhost:5000/dashboard.html" "Mozilla/5.0 (Windows NT 10.0; Win64; x64) AppleWebKit/537.36 (KHTML, like Gecko) Chrome/95.0.4638.54 Safari/537.36" {"metadata":{"emulator":{"name":"hosting"},"message":"::1 - - [26/Oct/2021:07:43:58 +0000] \"GET /js/admin.js HTTP/1.1\" 200 1548 \"http://localhost:5000/dashboard.html\" \"Mozilla/5.0 (Windows NT 10.0; Win64; x64) AppleWebKit/537.36 (KHTML, like Gecko) Chrome/95.0.4638.54 Safari/537.36\""}}
[info] i  hosting: ::1 - - [26/Oct/2021:07:44:15 +0000] "GET /dashboard.html HTTP/1.1" 200 4933 "http://localhost:5000/" "Mozilla/5.0 (Windows NT 10.0; Win64; x64) AppleWebKit/537.36 (KHTML, like Gecko) Chrome/95.0.4638.54 Safari/537.36" {"metadata":{"emulator":{"name":"hosting"},"message":"::1 - - [26/Oct/2021:07:44:15 +0000] \"GET /dashboard.html HTTP/1.1\" 200 4933 \"http://localhost:5000/\" \"Mozilla/5.0 (Windows NT 10.0; Win64; x64) AppleWebKit/537.36 (KHTML, like Gecko) Chrome/95.0.4638.54 Safari/537.36\""}}
[info] i  hosting: ::1 - - [26/Oct/2021:07:44:15 +0000] "GET /js/admin.js HTTP/1.1" 200 1583 "http://localhost:5000/dashboard.html" "Mozilla/5.0 (Windows NT 10.0; Win64; x64) AppleWebKit/537.36 (KHTML, like Gecko) Chrome/95.0.4638.54 Safari/537.36" {"metadata":{"emulator":{"name":"hosting"},"message":"::1 - - [26/Oct/2021:07:44:15 +0000] \"GET /js/admin.js HTTP/1.1\" 200 1583 \"http://localhost:5000/dashboard.html\" \"Mozilla/5.0 (Windows NT 10.0; Win64; x64) AppleWebKit/537.36 (KHTML, like Gecko) Chrome/95.0.4638.54 Safari/537.36\""}}
[info] i  hosting: ::1 - - [26/Oct/2021:07:45:48 +0000] "GET /dashboard.html HTTP/1.1" 200 4933 "http://localhost:5000/" "Mozilla/5.0 (Windows NT 10.0; Win64; x64) AppleWebKit/537.36 (KHTML, like Gecko) Chrome/95.0.4638.54 Safari/537.36" {"metadata":{"emulator":{"name":"hosting"},"message":"::1 - - [26/Oct/2021:07:45:48 +0000] \"GET /dashboard.html HTTP/1.1\" 200 4933 \"http://localhost:5000/\" \"Mozilla/5.0 (Windows NT 10.0; Win64; x64) AppleWebKit/537.36 (KHTML, like Gecko) Chrome/95.0.4638.54 Safari/537.36\""}}
[info] i  hosting: ::1 - - [26/Oct/2021:07:45:49 +0000] "GET /js/admin.js HTTP/1.1" 200 1675 "http://localhost:5000/dashboard.html" "Mozilla/5.0 (Windows NT 10.0; Win64; x64) AppleWebKit/537.36 (KHTML, like Gecko) Chrome/95.0.4638.54 Safari/537.36" {"metadata":{"emulator":{"name":"hosting"},"message":"::1 - - [26/Oct/2021:07:45:49 +0000] \"GET /js/admin.js HTTP/1.1\" 200 1675 \"http://localhost:5000/dashboard.html\" \"Mozilla/5.0 (Windows NT 10.0; Win64; x64) AppleWebKit/537.36 (KHTML, like Gecko) Chrome/95.0.4638.54 Safari/537.36\""}}
[info] i  hosting: ::1 - - [26/Oct/2021:07:47:08 +0000] "GET /dashboard.html HTTP/1.1" 200 4933 "http://localhost:5000/" "Mozilla/5.0 (Windows NT 10.0; Win64; x64) AppleWebKit/537.36 (KHTML, like Gecko) Chrome/95.0.4638.54 Safari/537.36" {"metadata":{"emulator":{"name":"hosting"},"message":"::1 - - [26/Oct/2021:07:47:08 +0000] \"GET /dashboard.html HTTP/1.1\" 200 4933 \"http://localhost:5000/\" \"Mozilla/5.0 (Windows NT 10.0; Win64; x64) AppleWebKit/537.36 (KHTML, like Gecko) Chrome/95.0.4638.54 Safari/537.36\""}}
[info] i  hosting: ::1 - - [26/Oct/2021:07:47:09 +0000] "GET /js/admin.js HTTP/1.1" 200 1675 "http://localhost:5000/dashboard.html" "Mozilla/5.0 (Windows NT 10.0; Win64; x64) AppleWebKit/537.36 (KHTML, like Gecko) Chrome/95.0.4638.54 Safari/537.36" {"metadata":{"emulator":{"name":"hosting"},"message":"::1 - - [26/Oct/2021:07:47:09 +0000] \"GET /js/admin.js HTTP/1.1\" 200 1675 \"http://localhost:5000/dashboard.html\" \"Mozilla/5.0 (Windows NT 10.0; Win64; x64) AppleWebKit/537.36 (KHTML, like Gecko) Chrome/95.0.4638.54 Safari/537.36\""}}
[info] i  hosting: ::1 - - [26/Oct/2021:07:47:32 +0000] "GET /dashboard.html HTTP/1.1" 200 4933 "http://localhost:5000/" "Mozilla/5.0 (Windows NT 10.0; Win64; x64) AppleWebKit/537.36 (KHTML, like Gecko) Chrome/95.0.4638.54 Safari/537.36" {"metadata":{"emulator":{"name":"hosting"},"message":"::1 - - [26/Oct/2021:07:47:32 +0000] \"GET /dashboard.html HTTP/1.1\" 200 4933 \"http://localhost:5000/\" \"Mozilla/5.0 (Windows NT 10.0; Win64; x64) AppleWebKit/537.36 (KHTML, like Gecko) Chrome/95.0.4638.54 Safari/537.36\""}}
[info] i  hosting: ::1 - - [26/Oct/2021:07:47:32 +0000] "GET /js/admin.js HTTP/1.1" 200 1675 "http://localhost:5000/dashboard.html" "Mozilla/5.0 (Windows NT 10.0; Win64; x64) AppleWebKit/537.36 (KHTML, like Gecko) Chrome/95.0.4638.54 Safari/537.36" {"metadata":{"emulator":{"name":"hosting"},"message":"::1 - - [26/Oct/2021:07:47:32 +0000] \"GET /js/admin.js HTTP/1.1\" 200 1675 \"http://localhost:5000/dashboard.html\" \"Mozilla/5.0 (Windows NT 10.0; Win64; x64) AppleWebKit/537.36 (KHTML, like Gecko) Chrome/95.0.4638.54 Safari/537.36\""}}
[info] i  hosting: ::1 - - [26/Oct/2021:07:47:44 +0000] "GET /dashboard.html HTTP/1.1" 200 4933 "http://localhost:5000/" "Mozilla/5.0 (Windows NT 10.0; Win64; x64) AppleWebKit/537.36 (KHTML, like Gecko) Chrome/95.0.4638.54 Safari/537.36" {"metadata":{"emulator":{"name":"hosting"},"message":"::1 - - [26/Oct/2021:07:47:44 +0000] \"GET /dashboard.html HTTP/1.1\" 200 4933 \"http://localhost:5000/\" \"Mozilla/5.0 (Windows NT 10.0; Win64; x64) AppleWebKit/537.36 (KHTML, like Gecko) Chrome/95.0.4638.54 Safari/537.36\""}}
[info] i  hosting: ::1 - - [26/Oct/2021:07:47:45 +0000] "GET /js/admin.js HTTP/1.1" 200 1675 "http://localhost:5000/dashboard.html" "Mozilla/5.0 (Windows NT 10.0; Win64; x64) AppleWebKit/537.36 (KHTML, like Gecko) Chrome/95.0.4638.54 Safari/537.36" {"metadata":{"emulator":{"name":"hosting"},"message":"::1 - - [26/Oct/2021:07:47:45 +0000] \"GET /js/admin.js HTTP/1.1\" 200 1675 \"http://localhost:5000/dashboard.html\" \"Mozilla/5.0 (Windows NT 10.0; Win64; x64) AppleWebKit/537.36 (KHTML, like Gecko) Chrome/95.0.4638.54 Safari/537.36\""}}
